[debug] [2020-05-17T18:42:33.394Z] ----------------------------------------------------------------------
[debug] [2020-05-17T18:42:33.396Z] Command:       /usr/local/Cellar/node/13.12.0/bin/node /usr/local/bin/firebase deploy --only hosting
[debug] [2020-05-17T18:42:33.396Z] CLI Version:   8.1.1
[debug] [2020-05-17T18:42:33.396Z] Platform:      darwin
[debug] [2020-05-17T18:42:33.396Z] Node Version:  v13.12.0
[debug] [2020-05-17T18:42:33.397Z] Time:          Sun May 17 2020 11:42:33 GMT-0700 (Pacific Daylight Time)
[debug] [2020-05-17T18:42:33.397Z] ----------------------------------------------------------------------
[debug] [2020-05-17T18:42:33.397Z] 
[debug] [2020-05-17T18:42:33.411Z] > command requires scopes: ["email","openid","https://www.googleapis.com/auth/cloudplatformprojects.readonly","https://www.googleapis.com/auth/firebase","https://www.googleapis.com/auth/cloud-platform"]
[debug] [2020-05-17T18:42:33.412Z] > authorizing via signed-in user
[debug] [2020-05-17T18:42:33.412Z] [iam] checking project coders-against-humanity for permissions ["firebase.projects.get","firebasehosting.sites.update"]
[debug] [2020-05-17T18:42:33.414Z] > refreshing access token with scopes: ["email","https://www.googleapis.com/auth/cloud-platform","https://www.googleapis.com/auth/cloudplatformprojects.readonly","https://www.googleapis.com/auth/firebase","openid"]
[debug] [2020-05-17T18:42:33.414Z] >>> HTTP REQUEST POST https://www.googleapis.com/oauth2/v3/token  
 <request body omitted>
[debug] [2020-05-17T18:42:33.673Z] <<< HTTP RESPONSE 200 {"content-type":"application/json; charset=utf-8","vary":"X-Origin, Referer, Origin,Accept-Encoding","date":"Sun, 17 May 2020 18:42:35 GMT","server":"scaffolding on HTTPServer2","cache-control":"private","x-xss-protection":"0","x-frame-options":"SAMEORIGIN","x-content-type-options":"nosniff","alt-svc":"h3-27=\":443\"; ma=2592000,h3-25=\":443\"; ma=2592000,h3-T050=\":443\"; ma=2592000,h3-Q050=\":443\"; ma=2592000,h3-Q049=\":443\"; ma=2592000,h3-Q048=\":443\"; ma=2592000,h3-Q046=\":443\"; ma=2592000,h3-Q043=\":443\"; ma=2592000,quic=\":443\"; ma=2592000; v=\"46,43\"","accept-ranges":"none","transfer-encoding":"chunked"}
[debug] [2020-05-17T18:42:33.690Z] >>> HTTP REQUEST POST https://cloudresourcemanager.googleapis.com/v1/projects/coders-against-humanity:testIamPermissions  
 {"permissions":["firebase.projects.get","firebasehosting.sites.update"]}
[debug] [2020-05-17T18:42:34.048Z] <<< HTTP RESPONSE 200 {"content-type":"application/json; charset=UTF-8","vary":"X-Origin, Referer, Origin,Accept-Encoding","date":"Sun, 17 May 2020 18:42:35 GMT","server":"ESF","cache-control":"private","x-xss-protection":"0","x-frame-options":"SAMEORIGIN","x-content-type-options":"nosniff","server-timing":"gfet4t7; dur=123","alt-svc":"h3-27=\":443\"; ma=2592000,h3-25=\":443\"; ma=2592000,h3-T050=\":443\"; ma=2592000,h3-Q050=\":443\"; ma=2592000,h3-Q049=\":443\"; ma=2592000,h3-Q048=\":443\"; ma=2592000,h3-Q046=\":443\"; ma=2592000,h3-Q043=\":443\"; ma=2592000,quic=\":443\"; ma=2592000; v=\"46,43\"","accept-ranges":"none","transfer-encoding":"chunked"}
[debug] [2020-05-17T18:42:34.049Z] >>> HTTP REQUEST GET https://firebase.googleapis.com/v1beta1/projects/coders-against-humanity  
 
[debug] [2020-05-17T18:42:34.343Z] <<< HTTP RESPONSE 200 {"content-type":"application/json; charset=UTF-8","vary":"X-Origin, Referer, Origin,Accept-Encoding","date":"Sun, 17 May 2020 18:42:35 GMT","server":"ESF","cache-control":"private","x-xss-protection":"0","x-frame-options":"SAMEORIGIN","x-content-type-options":"nosniff","alt-svc":"h3-27=\":443\"; ma=2592000,h3-25=\":443\"; ma=2592000,h3-T050=\":443\"; ma=2592000,h3-Q050=\":443\"; ma=2592000,h3-Q049=\":443\"; ma=2592000,h3-Q048=\":443\"; ma=2592000,h3-Q046=\":443\"; ma=2592000,h3-Q043=\":443\"; ma=2592000,quic=\":443\"; ma=2592000; v=\"46,43\"","accept-ranges":"none","transfer-encoding":"chunked"}
[info] 
[info] === Deploying to 'coders-against-humanity'...
[info] 
[info] i  deploying hosting
[debug] [2020-05-17T18:42:36.446Z] >>> HTTP REQUEST POST https://firebasehosting.googleapis.com/v1beta1/sites/coders-against-humanity/versions  
 {"config":{"rewrites":[{"glob":"**","path":"/index.html"}]},"labels":{"deployment-tool":"cli-firebase"}}
